1oO_pqZSPVWFAv5f7lKj5VOCbyI6or9m3 # Абарабанель 3 комнаты # Processed on 2025-06-04 08:41:25
1JETTLRcxHHx_kzKdQbZznrEvrOJsh67T # Абарбанель 4 комнаты # Processed on 2025-06-04 08:48:33
1kauXYqD8hnbxONXNJdcRRxkDq6lr4J9H # Асоде # Processed on 2025-06-05 02:22:11
1TOc_ydBq-1zDYNUIOIkejDNOK9R8HSgQ # Вайцберд # Processed on 2025-06-05 02:28:39
1iv5y4eRbnAFJObIYFup3R8bO2G4mEKGX # Дом Невед калим # Processed on 2025-06-05 02:36:00
1PmHMlzboXwAbw3TMFHDPW9n5MQisF7T3 # Дгания # Processed on 2025-06-05 02:42:43
1OIpl8Gz-JZSHaEkPXydmibYr7efSr1-z # Карл Нетр С ЛИФТОМ # Processed on 2025-06-05 02:49:24
1iBsC9BzGjaJww58hGnUVnr8LFDcZxg8q # Карл Нетр БЕЗ ЛИФТА # Processed on 2025-06-05 02:56:21
18VQc4EiG_07rLNgYwGeiAm8RX5sfB9KK # Ахим Сулейман 3 комн # Processed on 2025-06-05 03:02:52
1BeTO6uiQYzz9DF_2GnWx2jzfIIy9Ncyo # ГИСИН # Processed on 2025-06-05 03:09:20
16cyFaDVfP59Ey8VZRs3CJeyyzPK9x1vK # Башан # Processed on 2025-06-05 03:15:57
1f6s8T9CAvf0Tif3958s7VB_rmjL4Yguo # Атиква # Processed on 2025-06-05 03:23:25
1kHORHoRwI3O1u5ilsYTu9wfWvFVQ5x47 # Натан Берницки 3,5 комн # Processed on 2025-06-05 03:30:08
1GyMKvuY6HNqQsRSs-XCMPTfipBADnYGp # Тормав 4 комнаты # Processed on 2025-06-05 03:36:42
1CzwXWpsgcC6ftJwmRkoOFULDV5kASk16 # Нахлад Иуда 4 комнаты # Processed on 2025-06-05 03:43:00
18O0ST1-JXlTIHURiVfipbVhW6jdGNk0p # Оровец 3 комнаты # Processed on 2025-06-05 03:49:37
1nK2S7pqPkFROSvqSsk_8pGlQjdaW40Gq # Ремез  Членов # Processed on 2025-06-05 03:56:24
1eemZ4ekve55tVwAko-NhrD50jIDTrSOv # Рамбам # Processed on 2025-06-05 04:03:16
1SJONGo7haIMj--la4QRSsHaIlgRX0vS4 # реклама текст # Processed on 2025-06-05 04:10:03
1uaEh0Sw4mMzD3ivPCRHI43lQ75TOL1S6 # Ришоним 5 комнат # Processed on 2025-06-05 04:17:24
1Y0msrzKvPN6uQNKvnG-LkdrWKXcOmfnZ # Стефан Вайс дуплекс # Processed on 2025-06-05 04:24:38
17T4iQ6sEqtPuFATkvgau3OUqAbWrJV5D # Неот Ашалим 4 комн # Processed on 2025-06-05 04:31:02
1YxPws37palBKD4HeQHqIp_c8EIzlGgOB # Попель 4,5 комн # Processed on 2025-06-05 04:37:35
1JiSc_0u8aU9x9v4ofKPLOuo0Urcd1RHe # Хазон иш # Processed on 2025-06-05 04:43:50
1v9Gs9ckl_6CKUAZjqwLvUovGxEFKJiuN # Эвен гвироль 3 к # Processed on 2025-06-05 04:50:11
1uCllOt_I4wD-zBotnYZoJB1F7bOIwYjS # Шапира 4 ком # Processed on 2025-06-05 04:56:43
1E5FfpTTjAKc0I-ees3rfTAhUdzUZJoxu # ул Каценельсон # Processed on 2025-06-05 05:03:24
19ekmYVVr6C7zVT0ntE39qrO7RQPm7Bk- # Шиват Цион 5 комнат # Processed on 2025-06-05 05:10:24
1gZKvUqlfgJTQSrCt8kOWINv7buWxLEP3 # ягуда лаб пинскер 25 # Processed on 2025-06-05 05:16:46
10c4226FajUbsNhOCp1IM_pmM-ZIfkx7y # ул Ремез # Processed on 2025-06-05 05:26:12
1LyxiPAstb0oXReZGgWZqDUS-sSWz7Dne # Цви Иршвильд # Processed on 2025-06-05 05:33:45
1z0_GehBd59oh_wfxcq7C_e-U5IIb-zP7 # Хель Атутханим 7  МОРЕ # Processed on 2025-06-05 05:40:08
